<?xml version="1.0" encoding="UTF-8"?>
<testng-results ignored="0" total="1" passed="0" failed="1" skipped="0">
  <reporter-output>
  </reporter-output>
  <suite started-at="2026-06-20T12:09:42 IST" name="Default suite" finished-at="2026-06-20T12:11:03 IST" duration-ms="81096">
    <groups>
    </groups>
    <test started-at="2026-06-20T12:09:42 IST" name="Default test" finished-at="2026-06-20T12:11:03 IST" duration-ms="81096">
      <class name="Com.DemoWebShop_TestScripts.TC001_VerifyUserIsAbleToAddAddressOrNot_Test">
        <test-method is-config="true" signature="beforeSuite()[pri:0, instance:Com.DemoWebShop_TestScripts.TC001_VerifyUserIsAbleToAddAddressOrNot_Test@489115ef]" started-at="2026-06-20T12:09:42 IST" name="beforeSuite" finished-at="2026-06-20T12:09:42 IST" duration-ms="71" status="PASS">
          <reporter-output>
          </reporter-output>
        </test-method> <!-- beforeSuite -->
        <test-method is-config="true" signature="beforeTest()[pri:0, instance:Com.DemoWebShop_TestScripts.TC001_VerifyUserIsAbleToAddAddressOrNot_Test@489115ef]" started-at="2026-06-20T12:09:42 IST" name="beforeTest" finished-at="2026-06-20T12:09:44 IST" duration-ms="1810" status="PASS">
          <reporter-output>
          </reporter-output>
        </test-method> <!-- beforeTest -->
        <test-method is-config="true" signature="beforeClass()[pri:0, instance:Com.DemoWebShop_TestScripts.TC001_VerifyUserIsAbleToAddAddressOrNot_Test@489115ef]" started-at="2026-06-20T12:09:44 IST" name="beforeClass" finished-at="2026-06-20T12:10:39 IST" duration-ms="55281" status="PASS">
          <reporter-output>
          </reporter-output>
        </test-method> <!-- beforeClass -->
        <test-method is-config="true" signature="beforeMethod()[pri:0, instance:Com.DemoWebShop_TestScripts.TC001_VerifyUserIsAbleToAddAddressOrNot_Test@489115ef]" started-at="2026-06-20T12:10:39 IST" name="beforeMethod" finished-at="2026-06-20T12:10:45 IST" duration-ms="5225" status="PASS">
          <reporter-output>
          </reporter-output>
        </test-method> <!-- beforeMethod -->
        <test-method signature="addAddress()[pri:0, instance:Com.DemoWebShop_TestScripts.TC001_VerifyUserIsAbleToAddAddressOrNot_Test@489115ef]" started-at="2026-06-20T12:10:45 IST" name="addAddress" finished-at="2026-06-20T12:10:57 IST" duration-ms="12410" status="FAIL">
          <exception class="java.lang.NullPointerException">
            <message>
              <![CDATA[Cannot invoke "org.apache.poi.ss.usermodel.Sheet.getRow(int)" because the return value of "org.apache.poi.ss.usermodel.Workbook.getSheet(String)" is null]]>
            </message>
            <full-stacktrace>
              <![CDATA[java.lang.NullPointerException: Cannot invoke "org.apache.poi.ss.usermodel.Sheet.getRow(int)" because the return value of "org.apache.poi.ss.usermodel.Workbook.getSheet(String)" is null
at Com.DemoWebShop_GenericUtility.FileUtility.readDataFromExcelFile(FileUtility.java:28)
at Com.DemoWebShop_TestScripts.TC001_VerifyUserIsAbleToAddAddressOrNot_Test.addAddress(TC001_VerifyUserIsAbleToAddAddressOrNot_Test.java:25)
at java.base/jdk.internal.reflect.DirectMethodHandleAccessor.invoke(DirectMethodHandleAccessor.java:103)
at java.base/java.lang.reflect.Method.invoke(Method.java:580)
at org.testng.internal.invokers.MethodInvocationHelper.invokeMethod(MethodInvocationHelper.java:141)
at org.testng.internal.invokers.TestInvoker.invokeMethod(TestInvoker.java:697)
at org.testng.internal.invokers.TestInvoker.invokeTestMethod(TestInvoker.java:230)
at org.testng.internal.invokers.MethodRunner.runInSequence(MethodRunner.java:63)
at org.testng.internal.invokers.TestInvoker$MethodInvocationAgent.invoke(TestInvoker.java:1005)
at org.testng.internal.invokers.TestInvoker.invokeTestMethods(TestInvoker.java:203)
at org.testng.internal.invokers.TestMethodWorker.invokeTestMethods(TestMethodWorker.java:154)
at org.testng.internal.invokers.TestMethodWorker.run(TestMethodWorker.java:134)
at java.base/java.util.ArrayList.forEach(ArrayList.java:1596)
at org.testng.TestRunner.privateRun(TestRunner.java:744)
at org.testng.TestRunner.run(TestRunner.java:616)
at org.testng.SuiteRunner.runTest(SuiteRunner.java:421)
at org.testng.SuiteRunner.runSequentially(SuiteRunner.java:413)
at org.testng.SuiteRunner.privateRun(SuiteRunner.java:373)
at org.testng.SuiteRunner.run(SuiteRunner.java:312)
at org.testng.SuiteRunnerWorker.runSuite(SuiteRunnerWorker.java:52)
at org.testng.SuiteRunnerWorker.run(SuiteRunnerWorker.java:95)
at org.testng.TestNG.runSuitesSequentially(TestNG.java:1274)
at org.testng.TestNG.runSuitesLocally(TestNG.java:1208)
at org.testng.TestNG.runSuites(TestNG.java:1112)
at org.testng.TestNG.run(TestNG.java:1079)
at org.testng.remote.AbstractRemoteTestNG.run(AbstractRemoteTestNG.java:115)
at org.testng.remote.RemoteTestNG.initAndRun(RemoteTestNG.java:293)
at org.testng.remote.RemoteTestNG.main(RemoteTestNG.java:91)
]]>
            </full-stacktrace>
          </exception> <!-- java.lang.NullPointerException -->
          <reporter-output>
          </reporter-output>
        </test-method> <!-- addAddress -->
        <test-method is-config="true" signature="afterMethod()[pri:0, instance:Com.DemoWebShop_TestScripts.TC001_VerifyUserIsAbleToAddAddressOrNot_Test@489115ef]" started-at="2026-06-20T12:10:57 IST" name="afterMethod" finished-at="2026-06-20T12:10:57 IST" duration-ms="2" status="PASS">
          <reporter-output>
          </reporter-output>
        </test-method> <!-- afterMethod -->
        <test-method is-config="true" signature="afterClass()[pri:0, instance:Com.DemoWebShop_TestScripts.TC001_VerifyUserIsAbleToAddAddressOrNot_Test@489115ef]" started-at="2026-06-20T12:10:57 IST" name="afterClass" finished-at="2026-06-20T12:11:02 IST" duration-ms="4702" status="PASS">
          <reporter-output>
          </reporter-output>
        </test-method> <!-- afterClass -->
        <test-method is-config="true" signature="afterTest()[pri:0, instance:Com.DemoWebShop_TestScripts.TC001_VerifyUserIsAbleToAddAddressOrNot_Test@489115ef]" started-at="2026-06-20T12:11:02 IST" name="afterTest" finished-at="2026-06-20T12:11:03 IST" duration-ms="1094" status="PASS">
          <reporter-output>
          </reporter-output>
        </test-method> <!-- afterTest -->
        <test-method is-config="true" signature="afterSuite()[pri:0, instance:Com.DemoWebShop_TestScripts.TC001_VerifyUserIsAbleToAddAddressOrNot_Test@489115ef]" started-at="2026-06-20T12:11:03 IST" name="afterSuite" finished-at="2026-06-20T12:11:03 IST" duration-ms="1" status="PASS">
          <reporter-output>
          </reporter-output>
        </test-method> <!-- afterSuite -->
      </class> <!-- Com.DemoWebShop_TestScripts.TC001_VerifyUserIsAbleToAddAddressOrNot_Test -->
    </test> <!-- Default test -->
  </suite> <!-- Default suite -->
</testng-results>
