<?xml version="1.0" encoding="UTF-8"?>
<!-- Generated by org.testng.reporters.JUnitReportReporter -->
<testsuite hostname="DESKTOP-4IGVMQQ" failures="0" tests="1" name="Com.DemoWebShop_TestScripts.TC001_VerifyUserIsAbleToAddAddressOrNot_Test" time="54.189" errors="0" timestamp="2026-06-25T09:55:33 IST" skipped="0">
  <testcase classname="Com.DemoWebShop_TestScripts.TC001_VerifyUserIsAbleToAddAddressOrNot_Test" name="addAddress" time="54.189"/>
</testsuite> <!-- Com.DemoWebShop_TestScripts.TC001_VerifyUserIsAbleToAddAddressOrNot_Test -->
