<?xml version="1.0" encoding="UTF-8"?>
<!-- Generated by org.testng.reporters.JUnitReportReporter -->
<testsuite hostname="DESKTOP-4IGVMQQ" failures="0" tests="1" name="Com.DemoWebShop_TestScripts.TC002_VerifyUserIsAbleToDeleteAddressOrNot_Test" time="49.245" errors="0" timestamp="2026-06-25T09:58:12 IST" skipped="0">
  <testcase classname="Com.DemoWebShop_TestScripts.TC002_VerifyUserIsAbleToDeleteAddressOrNot_Test" name="deleteAddress" time="49.245"/>
</testsuite> <!-- Com.DemoWebShop_TestScripts.TC002_VerifyUserIsAbleToDeleteAddressOrNot_Test -->
